{"name":"TC02","status":"broken","statusDetails":{"known":false,"muted":false,"flaky":false,"message":"java.io.FileNotFoundException: /Users/ep_nonfunc/IdeaProjects/IOSAutomationTest/src/test/resources/locators/GeneralPage.json (No such file or directory)","trace":"java.lang.IllegalArgumentException: java.io.FileNotFoundException: /Users/ep_nonfunc/IdeaProjects/IOSAutomationTest/src/test/resources/locators/GeneralPage.json (No such file or directory)\n\tat common.helpers.LocatorFactory.getLocator(LocatorFactory.java:53)\n\tat pages.GeneralPage.<init>(GeneralPage.java:16)\n\tat pages.LoginPage.<init>(LoginPage.java:11)\n\tat tests.LoginPageTest.TC02(LoginPageTest.java:15)\n\tat java.base/jdk.internal.reflect.NativeMethodAccessorImpl.invoke0(Native Method)\n\tat java.base/jdk.internal.reflect.NativeMethodAccessorImpl.invoke(NativeMethodAccessorImpl.java:77)\n\tat java.base/jdk.internal.reflect.DelegatingMethodAccessorImpl.invoke(DelegatingMethodAccessorImpl.java:43)\n\tat java.base/java.lang.reflect.Method.invoke(Method.java:568)\n\tat org.testng.internal.MethodInvocationHelper.invokeMethod(MethodInvocationHelper.java:124)\n\tat org.testng.internal.Invoker.invokeMethod(Invoker.java:583)\n\tat org.testng.internal.Invoker.invokeTestMethod(Invoker.java:719)\n\tat org.testng.internal.Invoker.invokeTestMethods(Invoker.java:989)\n\tat org.testng.internal.TestMethodWorker.invokeTestMethods(TestMethodWorker.java:125)\n\tat org.testng.internal.TestMethodWorker.run(TestMethodWorker.java:109)\n\tat org.testng.TestRunner.privateRun(TestRunner.java:648)\n\tat org.testng.TestRunner.run(TestRunner.java:505)\n\tat org.testng.SuiteRunner.runTest(SuiteRunner.java:455)\n\tat org.testng.SuiteRunner.access$000(SuiteRunner.java:40)\n\tat org.testng.SuiteRunner$SuiteWorker.run(SuiteRunner.java:489)\n\tat org.testng.internal.thread.ThreadUtil$1.call(ThreadUtil.java:52)\n\tat java.base/java.util.concurrent.FutureTask.run(FutureTask.java:264)\n\tat java.base/java.util.concurrent.ThreadPoolExecutor.runWorker(ThreadPoolExecutor.java:1136)\n\tat java.base/java.util.concurrent.ThreadPoolExecutor$Worker.run(ThreadPoolExecutor.java:635)\n\tat java.base/java.lang.Thread.run(Thread.java:833)\nCaused by: java.io.FileNotFoundException: /Users/ep_nonfunc/IdeaProjects/IOSAutomationTest/src/test/resources/locators/GeneralPage.json (No such file or directory)\n\tat java.base/java.io.FileInputStream.open0(Native Method)\n\tat java.base/java.io.FileInputStream.open(FileInputStream.java:216)\n\tat java.base/java.io.FileInputStream.<init>(FileInputStream.java:157)\n\tat java.base/java.io.FileInputStream.<init>(FileInputStream.java:111)\n\tat java.base/java.io.FileReader.<init>(FileReader.java:60)\n\tat common.helpers.LocatorFactory.getLocator(LocatorFactory.java:50)\n\t... 23 more\n"},"stage":"finished","description":"テスト: ログイン成功","steps":[],"attachments":[],"parameters":[{"name":"longTime","value":"55"},{"name":"mediumTime","value":"25"},{"name":"shortTime","value":"15"},{"name":"language","value":"Japanese"},{"name":"env","value":"TestEnv"},{"name":"defaultEnv","value":"env"}],"start":1682403632917,"stop":1682403632938,"uuid":"4dbf248f-0583-4b83-83ad-1783be4cc494","historyId":"62d79c6902b1a9d5b67a62126fe4f763","fullName":"tests.LoginPageTest.TC02","labels":[{"name":"package","value":"tests.LoginPageTest"},{"name":"testClass","value":"tests.LoginPageTest"},{"name":"testMethod","value":"TC02"},{"name":"parentSuite","value":"Suite"},{"name":"suite","value":"RunTest Pattern1"},{"name":"subSuite","value":"tests.LoginPageTest"},{"name":"host","value":"EP-NonFuncnoMacBook-Pro.local"},{"name":"thread","value":"38307@EP-NonFuncnoMacBook-Pro.local.TestNG-tests-1(15)"},{"name":"framework","value":"testng"},{"name":"language","value":"java"}],"links":[]}