{"name":"TC02","status":"broken","statusDetails":{"known":false,"muted":false,"flaky":false,"message":"Expected condition failed: waiting for visibility of element located by By.id: txtEmail (tried for 15 second(s) with 500 milliseconds interval)","trace":"org.openqa.selenium.TimeoutException: Expected condition failed: waiting for visibility of element located by By.id: txtEmail (tried for 15 second(s) with 500 milliseconds interval)\n\tat org.openqa.selenium.support.ui.WebDriverWait.timeoutException(WebDriverWait.java:95)\n\tat org.openqa.selenium.support.ui.FluentWait.until(FluentWait.java:272)\n\tat elements.BaseElement.waitForVisibility(BaseElement.java:115)\n\tat pages.LoginPage.inputEmail(LoginPage.java:16)\n\tat pages.LoginPage.login(LoginPage.java:31)\n\tat tests.LoginPageTest.TC02(LoginPageTest.java:21)\n\tat java.base/jdk.internal.reflect.NativeMethodAccessorImpl.invoke0(Native Method)\n\tat java.base/jdk.internal.reflect.NativeMethodAccessorImpl.invoke(NativeMethodAccessorImpl.java:77)\n\tat java.base/jdk.internal.reflect.DelegatingMethodAccessorImpl.invoke(DelegatingMethodAccessorImpl.java:43)\n\tat java.base/java.lang.reflect.Method.invoke(Method.java:568)\n\tat org.testng.internal.MethodInvocationHelper.invokeMethod(MethodInvocationHelper.java:124)\n\tat org.testng.internal.Invoker.invokeMethod(Invoker.java:583)\n\tat org.testng.internal.Invoker.invokeTestMethod(Invoker.java:719)\n\tat org.testng.internal.Invoker.invokeTestMethods(Invoker.java:989)\n\tat org.testng.internal.TestMethodWorker.invokeTestMethods(TestMethodWorker.java:125)\n\tat org.testng.internal.TestMethodWorker.run(TestMethodWorker.java:109)\n\tat java.base/java.util.concurrent.ThreadPoolExecutor.runWorker(ThreadPoolExecutor.java:1136)\n\tat java.base/java.util.concurrent.ThreadPoolExecutor$Worker.run(ThreadPoolExecutor.java:635)\n\tat java.base/java.lang.Thread.run(Thread.java:833)\nCaused by: org.openqa.selenium.NoSuchElementException: An element could not be located on the page using the given search parameters.\nFor documentation on this error, please visit: https://www.seleniumhq.org/exceptions/no_such_element.html\nBuild info: version: '3.141.59', revision: 'e82be7d358', time: '2018-11-14T08:17:03'\nSystem info: host: 'EP-NonFuncnoMacBook-Pro.local', ip: 'fe80:0:0:0:886:5e20:4e19:e800%en0', os.name: 'Mac OS X', os.arch: 'x86_64', os.version: '11.6', java.version: '17.0.1'\nDriver info: io.appium.java_client.ios.IOSDriver\nCapabilities {automationName: XCUITest, browserName: , bundleId: IOSDemoAppBookingRoomTP, databaseEnabled: false, deviceName: iPhone 13, fullReset: false, javascriptEnabled: true, launchTimeout: 20000, locationContextEnabled: false, networkConnectionEnabled: false, newCommandTimeout: 1000000, platform: MAC, platformName: iOS, platformVersion: 15.0, takesScreenshot: true, udid: 07B6E895-F02D-4E15-840B-5DA..., wdaConnectionTimeout: 1000000, wdaLaunchTimeout: 1000000, wdaLocalPort: 8100, wdaStartupRetryInterval: 1000000, webStorageEnabled: false}\nSession ID: 1337dfe4-4b93-46a9-80df-31c512f47eef\n*** Element info: {Using=id, value=txtEmail}\n\tat java.base/jdk.internal.reflect.NativeConstructorAccessorImpl.newInstance0(Native Method)\n\tat java.base/jdk.internal.reflect.NativeConstructorAccessorImpl.newInstance(NativeConstructorAccessorImpl.java:77)\n\tat java.base/jdk.internal.reflect.DelegatingConstructorAccessorImpl.newInstance(DelegatingConstructorAccessorImpl.java:45)\n\tat java.base/java.lang.reflect.Constructor.newInstanceWithCaller(Constructor.java:499)\n\tat java.base/java.lang.reflect.Constructor.newInstance(Constructor.java:480)\n\tat org.openqa.selenium.remote.http.W3CHttpResponseCodec.createException(W3CHttpResponseCodec.java:187)\n\tat org.openqa.selenium.remote.http.W3CHttpResponseCodec.decode(W3CHttpResponseCodec.java:122)\n\tat org.openqa.selenium.remote.http.W3CHttpResponseCodec.decode(W3CHttpResponseCodec.java:49)\n\tat org.openqa.selenium.remote.HttpCommandExecutor.execute(HttpCommandExecutor.java:158)\n\tat io.appium.java_client.remote.AppiumCommandExecutor.execute(AppiumCommandExecutor.java:239)\n\tat org.openqa.selenium.remote.RemoteWebDriver.execute(RemoteWebDriver.java:552)\n\tat io.appium.java_client.DefaultGenericMobileDriver.execute(DefaultGenericMobileDriver.java:41)\n\tat io.appium.java_client.AppiumDriver.execute(AppiumDriver.java:1)\n\tat io.appium.java_client.ios.IOSDriver.execute(IOSDriver.java:1)\n\tat org.openqa.selenium.remote.RemoteWebDriver.findElement(RemoteWebDriver.java:323)\n\tat io.appium.java_client.DefaultGenericMobileDriver.findElement(DefaultGenericMobileDriver.java:61)\n\tat io.appium.java_client.AppiumDriver.findElement(AppiumDriver.java:1)\n\tat io.appium.java_client.ios.IOSDriver.findElement(IOSDriver.java:1)\n\tat org.openqa.selenium.remote.RemoteWebDriver.findElementById(RemoteWebDriver.java:372)\n\tat io.appium.java_client.DefaultGenericMobileDriver.findElementById(DefaultGenericMobileDriver.java:69)\n\tat io.appium.java_client.AppiumDriver.findElementById(AppiumDriver.java:1)\n\tat io.appium.java_client.ios.IOSDriver.findElementById(IOSDriver.java:1)\n\tat org.openqa.selenium.By$ById.findElement(By.java:188)\n\tat org.openqa.selenium.remote.RemoteWebDriver.findElement(RemoteWebDriver.java:315)\n\tat io.appium.java_client.DefaultGenericMobileDriver.findElement(DefaultGenericMobileDriver.java:57)\n\tat io.appium.java_client.AppiumDriver.findElement(AppiumDriver.java:1)\n\tat io.appium.java_client.ios.IOSDriver.findElement(IOSDriver.java:1)\n\tat org.openqa.selenium.support.ui.ExpectedConditions$7.apply(ExpectedConditions.java:205)\n\tat org.openqa.selenium.support.ui.ExpectedConditions$7.apply(ExpectedConditions.java:201)\n\tat org.openqa.selenium.support.ui.FluentWait.until(FluentWait.java:249)\n\t... 17 more\n"},"stage":"finished","description":"テスト: ログイン成功","steps":[{"name":"1.  「メール」に入力","status":"passed","stage":"finished","steps":[],"attachments":[],"parameters":[],"start":1682409572330,"stop":1682409572331},{"name":"2．「パスワード」に入力","status":"passed","stage":"finished","steps":[],"attachments":[],"parameters":[],"start":1682409572331,"stop":1682409572331},{"name":"3．ロギングボタンを押下","status":"passed","stage":"finished","steps":[],"attachments":[],"parameters":[],"start":1682409572331,"stop":1682409572331}],"attachments":[],"parameters":[{"name":"longTime","value":"55"},{"name":"mediumTime","value":"25"},{"name":"shortTime","value":"15"},{"name":"language","value":"English"},{"name":"env","value":"TestEnv"},{"name":"defaultEnv","value":"env"}],"start":1682409572302,"stop":1682409594536,"uuid":"a744f026-5d94-420b-bd1d-c4f6f770695e","historyId":"c88c1742a56b5c451f3c7661f78326fb","fullName":"tests.LoginPageTest.TC02","labels":[{"name":"package","value":"tests.LoginPageTest"},{"name":"testClass","value":"tests.LoginPageTest"},{"name":"testMethod","value":"TC02"},{"name":"parentSuite","value":"Suite"},{"name":"suite","value":"Run test Contact App iOS iphone 11 pro max- BitBar Appium CLoud"},{"name":"subSuite","value":"tests.LoginPageTest"},{"name":"host","value":"EP-NonFuncnoMacBook-Pro.local"},{"name":"thread","value":"40422@EP-NonFuncnoMacBook-Pro.local.TestNG-test=Run test Contact App iOS iphone 11 pro max- BitBar Appium CLoud-1(15)"},{"name":"framework","value":"testng"},{"name":"language","value":"java"}],"links":[]}